app/build/intermediates/manifest_merge_blame_file/debug/processDebugMainManifest/manifest-merger-blame-debug-report.txt
1<?xml version="1.0" encoding="utf-8"?>
2<manifest xmlns:android="http://schemas.android.com/apk/res/android"
3    package="com.example.mindtrack"
4    android:versionCode="1"
5    android:versionName="1.0.0" >
6
7    <uses-sdk
8        android:minSdkVersion="26"
9        android:targetSdkVersion="36" />
10
11    <permission
11-->[androidx.core:core:1.15.0] AndroidManifest.xml:22:5-24:47
12        android:name="com.example.mindtrack.DYNAMIC_RECEIVER_NOT_EXPORTED_PERMISSION"
12-->[androidx.core:core:1.15.0] AndroidManifest.xml:23:9-81
13        android:protectionLevel="signature" />
13-->[androidx.core:core:1.15.0] AndroidManifest.xml:24:9-44
14
15    <uses-permission android:name="com.example.mindtrack.DYNAMIC_RECEIVER_NOT_EXPORTED_PERMISSION" />
15-->[androidx.core:core:1.15.0] AndroidManifest.xml:26:5-97
15-->[androidx.core:core:1.15.0] AndroidManifest.xml:26:22-94
16    <uses-permission android:name="android.permission.REORDER_TASKS" />
16-->[androidx.test:core:1.7.0] AndroidManifest.xml:24:5-72
16-->[androidx.test:core:1.7.0] AndroidManifest.xml:24:22-69
17
18    <application
18-->src/main/AndroidManifest.xml:4:3-26:17
19        android:name="com.example.mindtrack.MindtrackApp"
19-->src/main/AndroidManifest.xml:5:5-33
20        android:allowBackup="true"
20-->src/main/AndroidManifest.xml:6:5-31
21        android:appComponentFactory="androidx.core.app.CoreComponentFactory"
21-->[androidx.core:core:1.15.0] AndroidManifest.xml:28:18-86
22        android:debuggable="true"
23        android:extractNativeLibs="false"
24        android:icon="@mipmap/ic_launcher"
24-->src/main/AndroidManifest.xml:7:5-39
25        android:label="@string/app_name"
25-->src/main/AndroidManifest.xml:8:5-37
26        android:roundIcon="@mipmap/ic_launcher_round"
26-->src/main/AndroidManifest.xml:9:5-50
27        android:supportsRtl="true"
27-->src/main/AndroidManifest.xml:10:5-31
28        android:testOnly="true"
29        android:theme="@style/Theme.MindTrackJournal" >
29-->src/main/AndroidManifest.xml:11:5-50
30        <activity
30-->src/main/AndroidManifest.xml:12:5-14:34
31            android:name="com.example.mindtrack.ui.edit.AddEditEntryActivity"
31-->src/main/AndroidManifest.xml:13:7-51
32            android:exported="false" />
32-->src/main/AndroidManifest.xml:14:7-31
33        <activity
33-->src/main/AndroidManifest.xml:15:5-17:34
34            android:name="com.example.mindtrack.ui.detail.EntryDetailActivity"
34-->src/main/AndroidManifest.xml:16:7-52
35            android:exported="false" />
35-->src/main/AndroidManifest.xml:17:7-31
36        <activity
36-->src/main/AndroidManifest.xml:18:5-25:16
37            android:name="com.example.mindtrack.ui.list.EntryListActivity"
37-->src/main/AndroidManifest.xml:19:7-48
38            android:exported="true" >
38-->src/main/AndroidManifest.xml:20:7-30
39            <intent-filter>
39-->src/main/AndroidManifest.xml:21:7-24:23
40                <action android:name="android.intent.action.MAIN" />
40-->src/main/AndroidManifest.xml:22:9-61
40-->src/main/AndroidManifest.xml:22:17-58
41
42                <category android:name="android.intent.category.LAUNCHER" />
42-->src/main/AndroidManifest.xml:23:9-69
42-->src/main/AndroidManifest.xml:23:19-66
43            </intent-filter>
44        </activity>
45
46        <provider
46-->[androidx.emoji2:emoji2:1.3.0] AndroidManifest.xml:24:9-32:20
47            android:name="androidx.startup.InitializationProvider"
47-->[androidx.emoji2:emoji2:1.3.0] AndroidManifest.xml:25:13-67
48            android:authorities="com.example.mindtrack.androidx-startup"
48-->[androidx.emoji2:emoji2:1.3.0] AndroidManifest.xml:26:13-68
49            android:exported="false" >
49-->[androidx.emoji2:emoji2:1.3.0] AndroidManifest.xml:27:13-37
50            <meta-data
50-->[androidx.emoji2:emoji2:1.3.0] AndroidManifest.xml:29:13-31:52
51                android:name="androidx.emoji2.text.EmojiCompatInitializer"
51-->[androidx.emoji2:emoji2:1.3.0] AndroidManifest.xml:30:17-75
52                android:value="androidx.startup" />
52-->[androidx.emoji2:emoji2:1.3.0] AndroidManifest.xml:31:17-49
53            <meta-data
53-->[androidx.lifecycle:lifecycle-process:2.8.6] AndroidManifest.xml:29:13-31:52
54                android:name="androidx.lifecycle.ProcessLifecycleInitializer"
54-->[androidx.lifecycle:lifecycle-process:2.8.6] AndroidManifest.xml:30:17-78
55                android:value="androidx.startup" />
55-->[androidx.lifecycle:lifecycle-process:2.8.6] AndroidManifest.xml:31:17-49
56            <meta-data
56-->[androidx.profileinstaller:profileinstaller:1.4.0] AndroidManifest.xml:29:13-31:52
57                android:name="androidx.profileinstaller.ProfileInstallerInitializer"
57-->[androidx.profileinstaller:profileinstaller:1.4.0] AndroidManifest.xml:30:17-85
58                android:value="androidx.startup" />
58-->[androidx.profileinstaller:profileinstaller:1.4.0] AndroidManifest.xml:31:17-49
59        </provider>
60
61        <activity
61-->[androidx.test:core:1.7.0] AndroidManifest.xml:27:9-34:20
62            android:name="androidx.test.core.app.InstrumentationActivityInvoker$BootstrapActivity"
62-->[androidx.test:core:1.7.0] AndroidManifest.xml:28:13-99
63            android:exported="true"
63-->[androidx.test:core:1.7.0] AndroidManifest.xml:29:13-36
64            android:theme="@style/WhiteBackgroundTheme" >
64-->[androidx.test:core:1.7.0] AndroidManifest.xml:30:13-56
65            <intent-filter android:priority="-100" >
65-->[androidx.test:core:1.7.0] AndroidManifest.xml:31:13-33:29
65-->[androidx.test:core:1.7.0] AndroidManifest.xml:31:28-51
66                <category android:name="android.intent.category.LAUNCHER" />
66-->src/main/AndroidManifest.xml:23:9-69
66-->src/main/AndroidManifest.xml:23:19-66
67            </intent-filter>
68        </activity>
69        <activity
69-->[androidx.test:core:1.7.0] AndroidManifest.xml:35:9-42:20
70            android:name="androidx.test.core.app.InstrumentationActivityInvoker$EmptyActivity"
70-->[androidx.test:core:1.7.0] AndroidManifest.xml:36:13-95
71            android:exported="true"
71-->[androidx.test:core:1.7.0] AndroidManifest.xml:37:13-36
72            android:theme="@style/WhiteBackgroundTheme" >
72-->[androidx.test:core:1.7.0] AndroidManifest.xml:38:13-56
73            <intent-filter android:priority="-100" >
73-->[androidx.test:core:1.7.0] AndroidManifest.xml:31:13-33:29
73-->[androidx.test:core:1.7.0] AndroidManifest.xml:31:28-51
74                <category android:name="android.intent.category.LAUNCHER" />
74-->src/main/AndroidManifest.xml:23:9-69
74-->src/main/AndroidManifest.xml:23:19-66
75            </intent-filter>
76        </activity>
77        <activity
77-->[androidx.test:core:1.7.0] AndroidManifest.xml:43:9-50:20
78            android:name="androidx.test.core.app.InstrumentationActivityInvoker$EmptyFloatingActivity"
78-->[androidx.test:core:1.7.0] AndroidManifest.xml:44:13-103
79            android:exported="true"
79-->[androidx.test:core:1.7.0] AndroidManifest.xml:45:13-36
80            android:theme="@style/WhiteBackgroundDialogTheme" >
80-->[androidx.test:core:1.7.0] AndroidManifest.xml:46:13-62
81            <intent-filter android:priority="-100" >
81-->[androidx.test:core:1.7.0] AndroidManifest.xml:31:13-33:29
81-->[androidx.test:core:1.7.0] AndroidManifest.xml:31:28-51
82                <category android:name="android.intent.category.LAUNCHER" />
82-->src/main/AndroidManifest.xml:23:9-69
82-->src/main/AndroidManifest.xml:23:19-66
83            </intent-filter>
84        </activity>
85
86        <service
86-->[androidx.room:room-runtime-android:2.8.0] AndroidManifest.xml:24:9-28:63
87            android:name="androidx.room.MultiInstanceInvalidationService"
87-->[androidx.room:room-runtime-android:2.8.0] AndroidManifest.xml:25:13-74
88            android:directBootAware="true"
88-->[androidx.room:room-runtime-android:2.8.0] AndroidManifest.xml:26:13-43
89            android:exported="false" />
89-->[androidx.room:room-runtime-android:2.8.0] AndroidManifest.xml:27:13-37
90
91        <receiver
91-->[androidx.profileinstaller:profileinstaller:1.4.0] AndroidManifest.xml:34:9-52:20
92            android:name="androidx.profileinstaller.ProfileInstallReceiver"
92-->[androidx.profileinstaller:profileinstaller:1.4.0] AndroidManifest.xml:35:13-76
93            android:directBootAware="false"
93-->[androidx.profileinstaller:profileinstaller:1.4.0] AndroidManifest.xml:36:13-44
94            android:enabled="true"
94-->[androidx.profileinstaller:profileinstaller:1.4.0] AndroidManifest.xml:37:13-35
95            android:exported="true"
95-->[androidx.profileinstaller:profileinstaller:1.4.0] AndroidManifest.xml:38:13-36
96            android:permission="android.permission.DUMP" >
96-->[androidx.profileinstaller:profileinstaller:1.4.0] AndroidManifest.xml:39:13-57
97            <intent-filter>
97-->[androidx.profileinstaller:profileinstaller:1.4.0] AndroidManifest.xml:40:13-42:29
98                <action android:name="androidx.profileinstaller.action.INSTALL_PROFILE" />
98-->[androidx.profileinstaller:profileinstaller:1.4.0] AndroidManifest.xml:41:17-91
98-->[androidx.profileinstaller:profileinstaller:1.4.0] AndroidManifest.xml:41:25-88
99            </intent-filter>
100            <intent-filter>
100-->[androidx.profileinstaller:profileinstaller:1.4.0] AndroidManifest.xml:43:13-45:29
101                <action android:name="androidx.profileinstaller.action.SKIP_FILE" />
101-->[androidx.profileinstaller:profileinstaller:1.4.0] AndroidManifest.xml:44:17-85
101-->[androidx.profileinstaller:profileinstaller:1.4.0] AndroidManifest.xml:44:25-82
102            </intent-filter>
103            <intent-filter>
103-->[androidx.profileinstaller:profileinstaller:1.4.0] AndroidManifest.xml:46:13-48:29
104                <action android:name="androidx.profileinstaller.action.SAVE_PROFILE" />
104-->[androidx.profileinstaller:profileinstaller:1.4.0] AndroidManifest.xml:47:17-88
104-->[androidx.profileinstaller:profileinstaller:1.4.0] AndroidManifest.xml:47:25-85
105            </intent-filter>
106            <intent-filter>
106-->[androidx.profileinstaller:profileinstaller:1.4.0] AndroidManifest.xml:49:13-51:29
107                <action android:name="androidx.profileinstaller.action.BENCHMARK_OPERATION" />
107-->[androidx.profileinstaller:profileinstaller:1.4.0] AndroidManifest.xml:50:17-95
107-->[androidx.profileinstaller:profileinstaller:1.4.0] AndroidManifest.xml:50:25-92
108            </intent-filter>
109        </receiver>
110    </application>
111
112</manifest>